2023-09-18T02:25:19.739Z [info]:  ADD {"name":"test","quantity":10,"price":5,"purchased":false,"id":3}
2023-09-18T02:25:19.749Z [info]:  ADD {"name":"test","quantity":10,"price":5,"purchased":false,"id":4}
2023-09-18T02:25:19.751Z [info]:  UPDATE {"id":1,"name":"test","quantity":10,"price":5,"purchased":false}
2023-09-18T02:25:19.753Z [info]:  UPDATE {"id":1,"name":"test","quantity":10,"price":5,"purchased":false}
2023-09-18T02:25:19.756Z [info]:  DELETE {"id":1,"name":"test","quantity":10,"price":5,"purchased":false}
2023-09-18T02:25:19.759Z [info]:  DELETE {"id":2,"name":"name3","quantity":10,"price":5,"purchased":false}
2023-09-18T02:25:57.010Z [info]:  ADD {"name":"test","quantity":10,"price":5,"purchased":false,"id":3}
2023-09-18T02:25:57.019Z [info]:  ADD {"name":"test","quantity":10,"price":5,"purchased":false,"id":4}
2023-09-18T02:25:57.021Z [info]:  UPDATE {"id":1,"name":"test","quantity":10,"price":5,"purchased":false}
2023-09-18T02:25:57.023Z [info]:  UPDATE {"id":1,"name":"test","quantity":10,"price":5,"purchased":false}
2023-09-18T02:25:57.025Z [info]:  DELETE {"id":1,"name":"test","quantity":10,"price":5,"purchased":false}
2023-09-18T02:25:57.027Z [info]:  DELETE {"name":"test","quantity":10,"price":5,"purchased":false,"id":4}
2023-09-18T02:26:58.326Z [info]:  ADD {"name":"test","quantity":10,"price":5,"purchased":false,"id":3}
2023-09-18T02:26:58.349Z [info]:  ADD {"name":"test","quantity":10,"price":5,"purchased":false,"id":4}
2023-09-18T02:26:58.351Z [info]:  UPDATE {"id":1,"name":"test","quantity":10,"price":5,"purchased":false}
2023-09-18T02:26:58.354Z [info]:  UPDATE {"id":1,"name":"test","quantity":10,"price":5,"purchased":false}
2023-09-18T02:26:58.357Z [info]:  DELETE {"id":1,"name":"test","quantity":10,"price":5,"purchased":false}
2023-09-18T02:26:58.360Z [info]:  DELETE {"name":"test","quantity":10,"price":5,"purchased":false,"id":4}
2023-09-18T02:28:12.106Z [info]:  ADD {"name":"test","quantity":10,"price":5,"purchased":false,"id":3}
2023-09-18T02:28:12.134Z [info]:  ADD {"name":"test","quantity":10,"price":5,"purchased":false,"id":4}
2023-09-18T02:29:50.648Z [info]:  ADD {"name":"test","quantity":10,"price":5,"purchased":false,"id":5}
2023-09-18T02:29:50.678Z [info]:  ADD {"name":"test","quantity":10,"price":5,"purchased":false,"id":6}
2023-09-18T02:30:06.620Z [info]:  ADD {"name":"test","quantity":10,"price":5,"purchased":false,"id":7}
2023-09-18T02:30:06.650Z [info]:  ADD {"name":"test","quantity":10,"price":5,"purchased":false,"id":8}
2023-09-18T02:33:51.828Z [info]:  ADD {"name":"test","quantity":10,"price":5,"purchased":false,"id":3}
2023-09-18T02:34:24.291Z [info]:  ADD {"name":"test","quantity":10,"price":5,"purchased":false,"id":3}
2023-09-18T02:34:48.438Z [info]:  ADD {"name":"test","quantity":10,"price":5,"purchased":false,"id":3}
2023-09-18T02:35:40.235Z [info]:  ADD {"name":"test","quantity":10,"price":5,"purchased":false,"id":3}
2023-09-18T02:35:40.264Z [info]:  DELETE {"name":"test","quantity":10,"price":5,"purchased":false,"id":3}
2023-09-18T02:35:56.061Z [info]:  ADD {"name":"test","quantity":10,"price":5,"purchased":false,"id":3}
2023-09-18T02:35:56.098Z [info]:  DELETE {"name":"test","quantity":10,"price":5,"purchased":false,"id":3}
2023-09-18T02:36:34.176Z [info]:  ADD {"name":"test","quantity":10,"price":5,"purchased":false,"id":3}
2023-09-18T02:36:34.203Z [info]:  DELETE {"name":"test","quantity":10,"price":5,"purchased":false,"id":3}
2023-09-18T02:37:05.295Z [info]:  ADD {"name":"test","quantity":10,"price":5,"purchased":false,"id":3}
2023-09-18T02:41:47.280Z [info]:  ADD {"name":"test","quantity":10,"price":5,"purchased":false,"id":4}
2023-09-18T02:42:26.261Z [info]:  ADD {"name":"test","quantity":10,"price":5,"purchased":false,"id":3}
2023-09-18T02:42:26.286Z [info]:  DELETE {"name":"test","quantity":10,"price":5,"purchased":false,"id":3}
2023-09-18T02:43:37.203Z [info]:  ADD {"name":"test","quantity":10,"price":5,"purchased":false,"id":3}
2023-09-18T02:43:37.216Z [info]:  DELETE {"name":"test","quantity":10,"price":5,"purchased":false,"id":3}
2023-09-18T02:43:47.843Z [info]:  ADD {"name":"test","quantity":10,"price":5,"purchased":false,"id":3}
2023-09-18T02:43:47.855Z [info]:  DELETE {"name":"test","quantity":10,"price":5,"purchased":false,"id":3}
2023-09-18T02:45:43.198Z [info]:  ADD {"name":"test","quantity":10,"price":5,"purchased":false,"id":3}
2023-09-18T02:45:43.205Z [info]:  DELETE {"name":"test","quantity":10,"price":5,"purchased":false,"id":3}
2023-09-18T02:45:52.506Z [info]:  ADD {"name":"test","quantity":10,"price":5,"purchased":false,"id":3}
2023-09-18T02:45:52.514Z [info]:  DELETE {"name":"test","quantity":10,"price":5,"purchased":false,"id":3}
2023-09-18T02:48:04.435Z [info]:  ADD {"name":"test","quantity":10,"price":5,"purchased":false,"id":3}
2023-09-18T02:48:04.441Z [info]:  DELETE {"name":"test","quantity":10,"price":5,"purchased":false,"id":3}
2023-09-18T02:49:19.097Z [info]:  ADD {"name":"test","quantity":10,"price":5,"purchased":false,"id":3}
2023-09-18T02:49:19.104Z [info]:  DELETE {"name":"test","quantity":10,"price":5,"purchased":false,"id":3}
2023-09-18T02:53:31.340Z [info]:  ADD {"name":"test","quantity":10,"price":5,"purchased":false,"id":3}
2023-09-18T02:55:21.002Z [info]:  ADD {"name":"test","quantity":10,"price":5,"purchased":false,"id":3}
2023-09-18T02:55:21.009Z [info]:  DELETE {"name":"test","quantity":10,"price":5,"purchased":false,"id":3}
2023-09-18T02:57:33.546Z [info]:  ADD {"name":"test","quantity":10,"price":5,"purchased":false,"id":3}
2023-09-18T02:58:23.118Z [info]:  ADD {"name":"test","quantity":10,"price":5,"purchased":false,"id":3}
2023-09-18T02:58:48.405Z [info]:  ADD {"name":"test","quantity":10,"price":5,"purchased":false,"id":3}
2023-09-18T02:58:48.412Z [info]:  UPDATE {"id":3,"name":"testchange","quantity":10,"price":5,"purchased":false}
2023-09-18T02:58:48.436Z [info]:  DELETE {"id":3,"name":"testchange","quantity":10,"price":5,"purchased":false}
2023-09-18T02:59:01.257Z [info]:  ADD {"name":"test","quantity":10,"price":5,"purchased":false,"id":3}
2023-09-18T02:59:01.266Z [info]:  UPDATE {"id":3,"name":"testchange","quantity":10,"price":5,"purchased":false}
2023-09-18T02:59:01.295Z [info]:  DELETE {"id":3,"name":"testchange","quantity":10,"price":5,"purchased":false}
2023-09-18T02:59:36.229Z [info]:  ADD {"name":"test","quantity":10,"price":5,"purchased":false,"id":3}
2023-09-18T02:59:36.237Z [info]:  UPDATE {"id":3,"name":"testchange","quantity":10,"price":5,"purchased":false}
2023-09-18T02:59:36.254Z [info]:  DELETE {"id":3,"name":"testchange","quantity":10,"price":5,"purchased":false}
2023-09-18T03:00:02.831Z [info]:  ADD {"name":"test","quantity":10,"price":5,"purchased":false,"id":3}
2023-09-18T03:00:02.839Z [info]:  UPDATE {"id":3,"name":"testchange","quantity":10,"price":5,"purchased":false}
2023-09-18T03:00:02.864Z [info]:  DELETE {"id":3,"name":"testchange","quantity":10,"price":5,"purchased":false}
2023-09-18T03:02:14.313Z [info]:  ADD {"name":"test","quantity":10,"price":5,"purchased":false,"id":3}
2023-09-18T03:02:14.316Z [info]:  UPDATE {"id":3,"name":"testchange","quantity":10,"price":5,"purchased":false}
2023-09-18T03:02:14.318Z [info]:  DELETE {"id":3,"name":"testchange","quantity":10,"price":5,"purchased":false}
2023-09-18T03:02:31.842Z [info]:  ADD {"name":"test","quantity":10,"price":5,"purchased":false,"id":3}
2023-09-18T03:02:31.844Z [info]:  UPDATE {"id":3,"name":"testchange","quantity":10,"price":5,"purchased":false}
2023-09-18T03:02:31.847Z [info]:  DELETE {"id":3,"name":"testchange","quantity":10,"price":5,"purchased":false}
